  ConsoleApplication1.cpp
C:\Users\Alex\Desktop\andrey\!Studying\C++\laboratory_4\task_1\ConsoleApplication1\ConsoleApplication1\ConsoleApplication1.cpp(56,9): warning C4566: символ, представленный универсальным именем символа "\u0421", невозможно представить в текущей кодовой странице (1252)
C:\Users\Alex\Desktop\andrey\!Studying\C++\laboratory_4\task_1\ConsoleApplication1\ConsoleApplication1\ConsoleApplication1.cpp(56,9): warning C4566: символ, представленный универсальным именем символа "\u0443", невозможно представить в текущей кодовой странице (1252)
C:\Users\Alex\Desktop\andrey\!Studying\C++\laboratory_4\task_1\ConsoleApplication1\ConsoleApplication1\ConsoleApplication1.cpp(56,9): warning C4566: символ, представленный универсальным именем символа "\u043C", невозможно представить в текущей кодовой странице (1252)
C:\Users\Alex\Desktop\andrey\!Studying\C++\laboratory_4\task_1\ConsoleApplication1\ConsoleApplication1\ConsoleApplication1.cpp(56,9): warning C4566: символ, представленный универсальным именем символа "\u0430", невозможно представить в текущей кодовой странице (1252)
C:\Users\Alex\Desktop\andrey\!Studying\C++\laboratory_4\task_1\ConsoleApplication1\ConsoleApplication1\ConsoleApplication1.cpp(56,9): warning C4566: символ, представленный универсальным именем символа "\u044D", невозможно представить в текущей кодовой странице (1252)
C:\Users\Alex\Desktop\andrey\!Studying\C++\laboratory_4\task_1\ConsoleApplication1\ConsoleApplication1\ConsoleApplication1.cpp(56,9): warning C4566: символ, представленный универсальным именем символа "\u043B", невозможно представить в текущей кодовой странице (1252)
C:\Users\Alex\Desktop\andrey\!Studying\C++\laboratory_4\task_1\ConsoleApplication1\ConsoleApplication1\ConsoleApplication1.cpp(56,9): warning C4566: символ, представленный универсальным именем символа "\u0435", невозможно представить в текущей кодовой странице (1252)
C:\Users\Alex\Desktop\andrey\!Studying\C++\laboratory_4\task_1\ConsoleApplication1\ConsoleApplication1\ConsoleApplication1.cpp(56,9): warning C4566: символ, представленный универсальным именем символа "\u043D", невозможно представить в текущей кодовой странице (1252)
C:\Users\Alex\Desktop\andrey\!Studying\C++\laboratory_4\task_1\ConsoleApplication1\ConsoleApplication1\ConsoleApplication1.cpp(56,9): warning C4566: символ, представленный универсальным именем символа "\u0442", невозможно представить в текущей кодовой странице (1252)
C:\Users\Alex\Desktop\andrey\!Studying\C++\laboratory_4\task_1\ConsoleApplication1\ConsoleApplication1\ConsoleApplication1.cpp(56,9): warning C4566: символ, представленный универсальным именем символа "\u043E", невозможно представить в текущей кодовой странице (1252)
C:\Users\Alex\Desktop\andrey\!Studying\C++\laboratory_4\task_1\ConsoleApplication1\ConsoleApplication1\ConsoleApplication1.cpp(56,9): warning C4566: символ, представленный универсальным именем символа "\u0432", невозможно представить в текущей кодовой странице (1252)
C:\Users\Alex\Desktop\andrey\!Studying\C++\laboratory_4\task_1\ConsoleApplication1\ConsoleApplication1\ConsoleApplication1.cpp(56,9): warning C4566: символ, представленный универсальным именем символа "\u0441", невозможно представить в текущей кодовой странице (1252)
C:\Users\Alex\Desktop\andrey\!Studying\C++\laboratory_4\task_1\ConsoleApplication1\ConsoleApplication1\ConsoleApplication1.cpp(56,9): warning C4566: символ, представленный универсальным именем символа "\u0438", невозможно представить в текущей кодовой странице (1252)
C:\Users\Alex\Desktop\andrey\!Studying\C++\laboratory_4\task_1\ConsoleApplication1\ConsoleApplication1\ConsoleApplication1.cpp(56,9): warning C4566: символ, представленный универсальным именем символа "\u0440", невозможно представить в текущей кодовой странице (1252)
C:\Users\Alex\Desktop\andrey\!Studying\C++\laboratory_4\task_1\ConsoleApplication1\ConsoleApplication1\ConsoleApplication1.cpp(57,9): warning C4566: символ, представленный универсальным именем символа "\u041F", невозможно представить в текущей кодовой странице (1252)
C:\Users\Alex\Desktop\andrey\!Studying\C++\laboratory_4\task_1\ConsoleApplication1\ConsoleApplication1\ConsoleApplication1.cpp(57,9): warning C4566: символ, представленный универсальным именем символа "\u0440", невозможно представить в текущей кодовой странице (1252)
C:\Users\Alex\Desktop\andrey\!Studying\C++\laboratory_4\task_1\ConsoleApplication1\ConsoleApplication1\ConsoleApplication1.cpp(57,9): warning C4566: символ, представленный универсальным именем символа "\u043E", невозможно представить в текущей кодовой странице (1252)
C:\Users\Alex\Desktop\andrey\!Studying\C++\laboratory_4\task_1\ConsoleApplication1\ConsoleApplication1\ConsoleApplication1.cpp(57,9): warning C4566: символ, представленный универсальным именем символа "\u0438", невозможно представить в текущей кодовой странице (1252)
C:\Users\Alex\Desktop\andrey\!Studying\C++\laboratory_4\task_1\ConsoleApplication1\ConsoleApplication1\ConsoleApplication1.cpp(57,9): warning C4566: символ, представленный универсальным именем символа "\u0437", невозможно представить в текущей кодовой странице (1252)
C:\Users\Alex\Desktop\andrey\!Studying\C++\laboratory_4\task_1\ConsoleApplication1\ConsoleApplication1\ConsoleApplication1.cpp(57,9): warning C4566: символ, представленный универсальным именем символа "\u0432", невозможно представить в текущей кодовой странице (1252)
C:\Users\Alex\Desktop\andrey\!Studying\C++\laboratory_4\task_1\ConsoleApplication1\ConsoleApplication1\ConsoleApplication1.cpp(57,9): warning C4566: символ, представленный универсальным именем символа "\u0435", невозможно представить в текущей кодовой странице (1252)
C:\Users\Alex\Desktop\andrey\!Studying\C++\laboratory_4\task_1\ConsoleApplication1\ConsoleApplication1\ConsoleApplication1.cpp(57,9): warning C4566: символ, представленный универсальным именем символа "\u0434", невозможно представить в текущей кодовой странице (1252)
C:\Users\Alex\Desktop\andrey\!Studying\C++\laboratory_4\task_1\ConsoleApplication1\ConsoleApplication1\ConsoleApplication1.cpp(57,9): warning C4566: символ, представленный универсальным именем символа "\u043D", невозможно представить в текущей кодовой странице (1252)
C:\Users\Alex\Desktop\andrey\!Studying\C++\laboratory_4\task_1\ConsoleApplication1\ConsoleApplication1\ConsoleApplication1.cpp(57,9): warning C4566: символ, представленный универсальным именем символа "\u044D", невозможно представить в текущей кодовой странице (1252)
C:\Users\Alex\Desktop\andrey\!Studying\C++\laboratory_4\task_1\ConsoleApplication1\ConsoleApplication1\ConsoleApplication1.cpp(57,9): warning C4566: символ, представленный универсальным именем символа "\u043B", невозможно представить в текущей кодовой странице (1252)
C:\Users\Alex\Desktop\andrey\!Studying\C++\laboratory_4\task_1\ConsoleApplication1\ConsoleApplication1\ConsoleApplication1.cpp(57,9): warning C4566: символ, представленный универсальным именем символа "\u043C", невозможно представить в текущей кодовой странице (1252)
C:\Users\Alex\Desktop\andrey\!Studying\C++\laboratory_4\task_1\ConsoleApplication1\ConsoleApplication1\ConsoleApplication1.cpp(57,9): warning C4566: символ, представленный универсальным именем символа "\u0442", невозможно представить в текущей кодовой странице (1252)
C:\Users\Alex\Desktop\andrey\!Studying\C++\laboratory_4\task_1\ConsoleApplication1\ConsoleApplication1\ConsoleApplication1.cpp(57,9): warning C4566: символ, представленный универсальным именем символа "\u0430", невозможно представить в текущей кодовой странице (1252)
C:\Users\Alex\Desktop\andrey\!Studying\C++\laboratory_4\task_1\ConsoleApplication1\ConsoleApplication1\ConsoleApplication1.cpp(57,9): warning C4566: символ, представленный универсальным именем символа "\u0441", невозможно представить в текущей кодовой странице (1252)
  ConsoleApplication1.vcxproj -> C:\Users\Alex\Desktop\andrey\!Studying\C++\laboratory_4\task_1\ConsoleApplication1\Debug\ConsoleApplication1.exe
